1689086955993:fsf
1689086957521:fdsfds
1689087002556:help
1689087011882:exit
1689088211936:help
1689088224254:read-all-users
1689089666441:help
1689089670558:read-all-users
1689089732849:login aa aa
1689089739048:exit
1689089817202:login
1689089819510:login ff
1689089845360:login user1 123
1689089851772:read-all-users
1689089915335:login user1 123
1689089919611:read-all-users
1689089927744:login admin 123
1689089931411:read-all-users
1689093958333:delete
1689093965331:delete 5
1689093973555:delete-user 4
1689094050147:set-current-user kkk
1689094087698:delete-user 5
1689094109242:delete-user user1
1689094126928:set-current-user user1
1689094135444:delete-user user1
1689094174785:help
1689094783630:read-all-users
1689094792427:create-user aaa aaa
1689094860558:login admin 123
1689094875126:read-all-users
1689094907527:create-user aaa bbb
1689094925977:read-all-users
1689095119199:create-user a b
1689095304229:set-current-user b
1689095314420:login admin 123
1689095320180:set-current-user b
1689096313115:help
1689096320011:read-all-users
1689096449072:help
1689096459007:set-current-user admin
1689096474600:set-current-user fff
1689096479526:create-user 11 22
1689096535046:delete-user admin
1689096554520:login admin 132
1689096566152:login admin 123
1689096571586:read-all-users
1689096579124:create-user a b
1689096589451:read-all-users
1689096594356:delete-user a
1689096601433:set-current-user a
1689096606922:delete-user a
1689096611130:read-all-users
1689096619410:create-user user2 aaa
1689096627510:read-all-users
1689096639176:login user1 ffff
1689096644205:read-all-users
1689096649178:login user1 123
1689096654240:read-all-users
1689096657277:exit
